678091821 Start log
678091823 << 1 048 047 049 000
678091840 << 1 047 047 049 000
678091855 << 1 048 047 049 000
678091871 << 1 048 047 049 000
678091887 << 1 048 047 049 000
678091903 << 1 048 047 049 000
678091919 << 1 047 047 049 000
678091934 << 1 047 047 049 000
678091950 << 1 048 047 049 000
678091967 << 1 047 047 049 000
678091983 << 1 047 047 049 000
678091999 << 1 048 047 049 000
678092014 << 1 048 047 049 000
678092030 << 1 047 047 049 000
678092046 << 1 047 047 049 000
678092062 << 1 048 047 049 000
678092078 << 1 048 047 049 000
678092095 << 1 048 047 049 000
678092111 << 1 047 047 049 000
678092127 << 1 047 047 049 000
678092143 << 1 048 047 049 000
678092159 << 1 048 047 049 000
678092174 << 1 048 047 049 000
678092190 << 1 048 047 049 000
678092206 << 1 048 047 049 000
678092222 << 1 048 047 049 000
678092238 << 1 048 047 049 000
678092254 << 1 048 047 049 000
678092271 << 1 047 047 049 000
678092287 << 1 047 047 049 000
678092302 << 1 048 047 049 000
678092318 << 1 048 047 049 000
678092333 << 1 048 047 049 000
678092349 << 1 048 047 049 000
678092365 << 1 048 047 049 000
678092381 << 1 047 047 049 000
678092397 << 1 048 047 049 000
678092414 << 1 048 047 049 000
678092430 << 1 048 047 049 000
678092446 << 1 048 047 049 000
678092462 << 1 048 047 049 000
678092478 << 1 048 047 049 000
678092493 << 1 047 047 049 000
678092509 << 1 048 047 049 000
678092525 << 1 047 047 049 000
678092541 << 1 047 047 049 000
678092558 << 1 047 047 049 000
678092574 << 1 048 047 049 000
678092590 << 1 048 047 049 000
678092606 << 1 048 047 049 000
678092622 << 1 047 047 049 000
678092637 << 1 048 047 049 000
678092653 << 1 047 047 049 000
678092669 << 1 047 047 049 000
678092684 << 1 048 047 049 000
678092701 << 1 048 047 049 000
678092717 << 1 047 047 049 000
678092733 << 1 047 047 049 000
678092749 << 1 048 047 049 000
678092765 << 1 048 047 049 000
678092781 << 1 047 047 049 000
678092796 << 1 048 047 049 000
678092809 << 0 048 047 049 000
678092820 >> 047 047 049 000
678092833 << 1 048 047 049 000
678092849 << 1 048 047 049 000
678092865 << 1 048 047 049 000
678092881 << 1 048 047 049 000
678092897 << 1 048 047 049 000
678092913 << 1 047 047 049 000
678092929 << 1 047 047 049 000
678092945 << 1 047 047 049 000
678092961 << 1 047 047 049 000
678092977 << 1 048 047 049 000
678092993 << 1 048 047 049 000
678093009 << 1 047 047 049 000
678093025 << 1 047 047 049 000
678093041 << 1 048 047 049 000
678093056 << 1 047 047 049 000
678093072 << 1 048 047 049 000
678093088 << 1 048 047 049 000
678093104 << 1 047 047 049 000
678093120 << 1 047 047 049 000
678093136 << 1 048 047 049 000
678093152 << 1 048 047 049 000
678093168 << 1 047 047 049 000
678093184 << 1 048 047 049 000
678093200 << 1 048 047 049 000
678093216 << 1 047 047 049 000
678093232 << 1 048 047 049 000
678093248 << 1 048 047 049 000
678093264 << 1 048 047 049 000
678093280 << 1 047 047 049 000
678093296 << 1 047 047 048 000
678093312 << 1 048 047 049 000
678093328 << 1 047 047 048 000
678093344 << 1 047 047 048 000
678093360 << 1 047 047 048 000
678093376 << 1 046 046 047 000
678093392 << 1 046 046 047 000
678093408 << 1 046 046 047 000
678093423 << 1 046 046 047 000
678093434 << 0 047 047 049 000
678093437 >> 046 046 047 000
678093446 << 0 046 046 049 000
678093450 >> 046 046 047 000
678093459 << 0 046 046 047 000
678093463 >> 046 046 047 000
678093472 << 0 046 046 047 000
678093476 >> 046 046 047 000
678093485 << 0 046 046 047 000
678093489 >> 046 046 047 000
678093498 << 0 046 046 047 000
678093502 >> 046 046 047 000
678093511 << 0 046 046 047 000
678093515 >> 046 046 047 000
678093524 << 0 046 046 047 000
678093528 >> 046 046 047 000
678093537 << 0 046 046 047 000
678093541 >> 046 046 047 000
678093549 << 0 046 046 047 000
678093554 >> 046 046 047 000
678093562 << 0 046 046 047 000
678093567 >> 046 046 047 000
678093587 << 1 047 047 049 000
678093603 << 1 047 047 049 000
678093619 << 1 047 047 049 000
678093635 << 1 048 047 049 000
678093651 << 1 047 047 049 000
678093667 << 1 047 047 049 000
678093683 << 1 048 047 049 000
678093699 << 1 048 047 049 000
678093715 << 1 048 047 049 000
678093731 << 1 048 047 049 000
678093747 << 1 047 047 049 000
678093763 << 1 047 047 049 000
678093779 << 1 047 047 049 000
678093795 << 1 048 047 049 000
678093810 << 1 048 047 049 000
678093827 << 1 048 047 049 000
678093843 << 1 048 047 049 000
678093859 << 1 048 047 049 000
678093875 << 1 048 047 049 000
678093891 << 1 048 047 049 000
678093907 << 1 048 047 049 000
678093923 << 1 048 047 049 000
678093939 << 1 047 047 049 000
678093954 << 1 048 047 049 000
678093970 << 1 048 047 049 000
678093986 << 1 048 047 049 000
678094002 << 1 048 047 049 000
678094018 << 1 048 047 049 000
678094034 << 1 047 047 049 000
678094050 << 1 048 047 049 000
678094066 << 1 048 047 049 000
678094082 << 1 047 047 049 000
678094098 << 1 047 047 049 000
678094114 << 1 047 047 049 000
678094129 << 1 048 047 049 000
678094145 << 1 048 047 049 000
678094162 << 1 048 047 049 000
678094178 << 1 048 047 049 000
678094194 << 1 048 047 049 000
678094209 << 1 048 047 049 000
678094225 << 1 048 047 049 000
678094241 << 1 048 047 049 000
678094257 << 1 048 047 049 000
678094273 << 1 048 047 049 000
678094289 << 1 048 047 049 000
678094306 << 1 048 047 049 000
678094322 << 1 048 047 049 000
678094338 << 1 047 047 049 000
678094353 << 1 048 047 049 000
678094369 << 1 048 047 049 000
678094385 << 1 047 047 049 000
678094401 << 1 048 047 049 000
678094417 << 1 048 047 049 000
678094433 << 1 048 047 049 000
678094450 << 1 048 047 049 000
678094466 << 1 047 047 049 000
678094482 << 1 048 047 049 000
678094498 << 1 047 047 049 000
678094512 << 1 048 047 049 000
678094528 << 1 048 047 049 000
678094544 << 1 048 047 049 000
678094560 << 1 048 047 049 000
678094576 << 1 048 047 049 000
678094592 << 1 048 047 049 000
678094609 << 1 048 047 049 000
678094625 << 1 048 047 049 000
678094641 << 1 048 047 049 000
678094657 << 1 048 047 049 000
678094672 << 1 048 047 049 000
678094688 << 1 047 047 049 000
678094704 << 1 048 047 049 000
678094721 << 1 048 047 049 000
678094736 << 1 048 047 049 000
678094753 << 1 048 047 049 000
678094769 << 1 048 047 049 000
678094785 << 1 048 047 049 000
678094801 << 1 047 047 049 000
678094816 << 1 048 047 049 000
678094832 << 1 048 047 049 000
678094848 << 1 048 047 049 000
678094864 << 1 048 047 049 000
678094880 << 1 047 047 049 000
678094896 << 1 048 047 049 000
678094912 << 1 048 047 049 000
678094928 << 1 047 047 049 000
678094944 << 1 048 047 049 000
678094960 << 1 048 047 049 000
678094976 << 1 047 047 049 000
678094992 << 1 047 047 049 000
678095008 << 1 048 047 049 000
678095025 << 1 048 047 049 000
678095041 << 1 048 047 049 000
678095057 << 1 047 047 049 000
678095074 << 1 047 047 049 000
678095091 << 1 047 047 049 000
678095108 << 1 047 047 049 000
678095126 << 1 047 047 049 000
678095145 << 1 048 047 049 000
678095163 << 1 048 047 049 000
678095181 << 1 048 047 049 000
678095199 << 1 047 047 049 000
678095218 << 1 048 047 049 000
678095236 << 1 048 047 049 000
678095253 << 1 047 047 049 000
678095271 << 1 047 047 049 000
678095290 << 1 048 047 049 000
678095308 << 1 048 047 049 000
678095326 << 1 048 047 049 000
678095344 << 1 047 047 049 000
678095363 << 1 047 047 049 000
678095381 << 1 047 047 049 000
678095399 << 1 048 047 049 000
678095417 << 1 047 047 049 000
678095436 << 1 048 047 047 000
678095454 << 1 047 047 047 000
678095472 << 1 047 047 049 000
678095490 << 1 048 047 049 000
678095509 << 1 048 047 049 000
678095527 << 1 048 047 049 000
678095545 << 1 048 047 049 000
678095563 << 1 047 047 049 000
678095582 << 1 047 047 049 000
678095600 << 1 047 047 049 000
678095618 << 1 048 047 049 000
678095635 << 1 048 047 049 000
678095654 << 1 048 047 049 000
678095672 << 1 047 047 049 000
678095690 << 1 048 047 049 000
678095708 << 1 047 047 048 000
678095727 << 1 048 047 049 000
678095745 << 1 048 047 049 000
678095763 << 1 048 047 049 000
678095781 << 1 047 047 048 000
678095800 << 1 048 047 049 000
678095818 << 1 048 047 049 000
678095836 << 1 047 047 049 000
678095854 << 1 047 047 049 000
678095873 << 1 047 047 049 000
678095891 << 1 048 047 049 000
678095909 << 1 048 047 049 000
678095927 << 1 048 047 049 000
678095946 << 1 048 047 049 000
678095964 << 1 048 047 049 000
678095982 << 1 047 047 049 000
678095999 << 1 048 047 049 000
678096018 << 1 048 047 049 000
678096036 << 1 048 047 050 000
678096054 << 1 048 047 052 000
678096072 << 1 047 047 052 000
678096091 << 1 048 047 052 000
678096109 << 1 048 047 052 000
678096127 << 1 048 047 049 000
678096145 << 1 047 047 048 000
678096164 << 1 048 047 048 000
678096182 << 1 047 047 047 000
678096200 << 1 047 047 048 000
678096218 << 1 048 047 048 000
678096237 << 1 047 047 049 000
678096255 << 1 048 047 049 000
678096273 << 1 048 047 049 000
678096291 << 1 047 047 049 000
678096309 << 1 047 047 049 000
678096328 << 1 047 047 049 000
678096346 << 1 047 047 049 000
678096364 << 1 048 047 049 000
678096381 << 1 048 047 049 000
678096400 << 1 048 047 049 000
678096418 << 1 048 047 049 000
678096436 << 1 048 047 049 000
678096455 << 1 048 047 049 000
678096473 << 1 048 047 049 000
678096491 << 1 048 047 049 000
678096509 << 1 048 047 049 000
678096528 << 1 048 047 049 000
678096546 << 1 048 047 049 000
678096564 << 1 048 047 049 000
678096582 << 1 048 047 049 000
678096600 << 1 048 047 049 000
678096619 << 1 048 047 049 000
678096637 << 1 048 047 049 000
678096655 << 1 048 047 049 000
678096674 << 1 048 047 049 000
678096692 << 1 048 047 049 000
678096710 << 1 048 047 049 000
678096728 << 1 048 047 049 000
678096745 << 1 048 047 049 000
678096764 << 1 048 047 049 000
678096782 << 1 048 047 049 000
678096800 << 1 048 047 049 000
678096818 << 1 048 047 049 000
678096837 << 1 048 047 049 000
678096855 << 1 048 047 049 000
678096873 << 1 047 047 048 001
678096892 << 1 047 047 048 002
678096911 << 1 047 047 047 005
678096930 << 1 047 047 047 008
678096949 << 1 047 047 046 009
678096968 << 1 047 047 046 009
678096986 << 1 047 047 046 009
678097005 << 1 047 047 046 009
678097024 << 1 047 047 045 011
678097043 << 1 047 047 045 011
678097062 << 1 047 047 047 012
678097080 << 1 047 047 049 012
678097100 << 1 047 047 049 013
678097117 << 1 047 047 049 014
678097136 << 1 047 047 049 014
678097155 << 1 047 047 049 014
678097174 << 1 047 047 049 014
678097193 << 1 047 047 049 014
678097212 << 1 047 047 049 014
678097230 << 1 047 047 049 014
678097249 << 1 047 047 049 014
678097268 << 1 047 047 049 014
678097287 << 1 047 047 049 014
678097306 << 1 047 047 049 014
678097325 << 1 047 047 049 015
678097343 << 1 047 047 049 015
678097362 << 1 047 047 049 016
678097381 << 1 047 047 049 016
678097400 << 1 047 047 049 016
678097419 << 1 047 047 049 016
678097438 << 1 047 047 049 016
678097457 << 1 047 047 049 016
678097475 << 1 047 047 049 016
678097493 << 1 047 047 049 016
678097512 << 1 047 047 049 016
678097531 << 1 047 047 049 016
678097550 << 1 047 047 049 016
678097568 << 1 047 047 049 016
678097587 << 1 048 047 049 016
678097606 << 1 047 047 049 016
678097625 << 1 047 047 049 016
678097644 << 1 047 047 049 016
678097663 << 1 047 047 049 016
678097681 << 1 047 047 049 016
678097701 << 1 047 047 049 016
678097719 << 1 047 047 049 016
678097738 << 1 047 047 049 016
678097757 << 1 047 047 049 016
678097776 << 1 047 047 049 016
678097795 << 1 047 047 049 017
678097813 << 1 047 047 049 018
678097832 << 1 047 047 049 018
678097851 << 1 047 047 049 019
678097869 << 1 047 047 049 019
678097888 << 1 047 047 049 020
678097907 << 1 047 047 049 020
678097925 << 1 047 047 049 021
678097944 << 1 047 047 049 021
678097963 << 1 047 047 049 022
678097982 << 1 047 047 049 023
678098001 << 1 047 047 049 023
678098020 << 1 047 047 049 024
678098038 << 1 047 047 049 025
678098057 << 1 047 046 049 025
678098076 << 1 047 046 049 026
678098095 << 1 047 045 049 026
678098113 << 1 047 044 049 027
678098132 << 1 047 044 049 027
678098151 << 1 047 044 049 027
678098170 << 1 047 043 049 027
678098188 << 1 047 042 049 027
678098207 << 1 047 042 049 028
678098226 << 1 047 042 049 028
678098245 << 1 047 040 049 028
678098264 << 1 047 040 049 028
678098283 << 1 047 039 049 028
678098301 << 1 047 039 049 028
678098320 << 1 047 040 049 029
678098339 << 1 047 040 049 029
678098358 << 1 047 040 049 029
678098377 << 1 048 041 049 030
678098395 << 1 048 041 049 030
678098414 << 1 047 041 049 031
678098432 << 1 047 042 049 032
678098452 << 1 048 042 049 034
678098470 << 1 048 042 049 035
678098489 << 1 048 042 049 037
678098508 << 1 048 042 049 037
678098527 << 1 048 042 049 038
678098546 << 1 048 043 049 038
678098564 << 1 048 042 049 038
678098583 << 1 048 042 049 039
678098602 << 1 049 042 049 039
678098621 << 1 049 039 049 040
678098640 << 1 049 040 049 040
678098657 << 1 049 039 049 040
678098676 << 1 049 040 049 041
678098695 << 1 049 039 049 040
678098714 << 1 050 039 049 040
678098732 << 1 050 038 049 041
678098751 << 1 050 038 049 040
678098770 << 1 050 038 049 040
678098789 << 1 050 037 049 040
678098807 << 1 050 037 049 039
678098826 << 1 050 037 049 039
678098845 << 1 048 037 049 039
678098864 << 1 047 036 049 039
678098883 << 1 047 037 049 039
678098902 << 1 048 037 049 039
678098920 << 1 047 037 049 039
678098939 << 1 047 037 049 039
678098958 << 1 047 037 049 038
678098977 << 1 047 038 049 038
678098996 << 1 047 039 049 036
678099014 << 1 047 039 049 036
678099032 << 1 047 041 049 035
678099051 << 1 047 041 049 035
678099070 << 1 047 043 049 035
678099089 << 1 047 045 049 035
678099107 << 1 047 046 049 036
678099126 << 1 047 047 049 036
678099145 << 1 047 047 049 036
678099164 << 1 047 048 049 037
678099183 << 1 047 049 049 036
678099202 << 1 047 049 049 036
678099221 << 1 047 049 049 036
678099239 << 1 047 049 049 035
678099258 << 1 047 049 049 035
678099277 << 1 047 050 049 035
678099296 << 1 047 051 049 035
678099315 << 1 047 052 049 035
678099333 << 1 047 055 049 035
678099352 << 1 047 055 049 035
678099371 << 1 047 055 049 035
678099390 << 1 047 056 049 035
678099408 << 1 047 056 049 035
678099427 << 1 047 056 049 035
678099445 << 1 047 055 049 035
678099464 << 1 047 054 049 035
678099483 << 1 047 053 049 035
678099502 << 1 047 052 049 035
678099521 << 1 047 052 049 036
678099539 << 1 047 052 049 036
678099558 << 1 047 052 049 036
678099577 << 1 047 052 049 036
678099596 << 1 048 051 049 035
678099615 << 1 049 052 049 035
678099634 << 1 050 052 049 035
678099652 << 1 051 052 049 035
678099671 << 1 051 054 049 035
678099690 << 1 051 055 049 035
678099709 << 1 052 056 049 035
678099728 << 1 053 057 049 036
678099747 << 1 053 058 049 036
678099765 << 1 053 058 048 037
678099783 << 1 053 059 048 037
678099802 << 1 052 059 049 037
678099821 << 1 052 059 049 037
678099840 << 1 053 059 049 037
678099859 << 1 052 059 049 037
678099877 << 1 053 060 049 037
678099896 << 1 053 061 049 037
678099915 << 1 053 061 049 036
678099934 << 1 053 061 049 037
678099953 << 1 052 062 049 037
678099971 << 1 052 062 049 036
678099990 << 1 052 062 049 036
678100009 << 1 052 062 049 036
678100028 << 1 052 062 049 036
678100047 << 1 052 062 048 037
678100065 << 1 052 062 049 037
678100084 << 1 052 062 049 037
678100103 << 1 052 063 049 038
678100122 << 1 052 062 049 038
678100141 << 1 052 063 049 038
678100158 << 1 052 063 049 038
678100177 << 1 052 064 049 038
678100196 << 1 052 064 049 038
678100215 << 1 053 065 049 038
678100234 << 1 053 065 049 038
678100253 << 1 054 065 049 038
678100271 << 1 054 066 049 038
678100290 << 1 057 067 049 038
678100309 << 1 057 068 048 038
678100328 << 1 057 069 048 039
678100347 << 1 057 071 048 039
678100366 << 1 055 072 047 039
678100384 << 1 054 072 047 040
678100403 << 1 054 072 047 041
678100422 << 1 053 072 046 042
678100441 << 1 052 072 048 041
678100459 << 1 051 072 049 041
678100478 << 1 050 072 049 041
678100497 << 1 050 071 049 042
678100516 << 1 048 071 049 042
678100533 << 1 048 071 049 039
678100552 << 1 048 071 049 036
678100571 << 1 048 071 049 036
678100590 << 1 048 071 049 034
678100609 << 1 047 071 049 034
678100627 << 1 047 071 049 035
678100646 << 1 047 071 049 036
678100665 << 1 047 071 049 037
678100684 << 1 047 071 049 040
678100702 << 1 047 071 049 043
678100721 << 1 047 071 049 043
678100740 << 1 047 071 050 043
678100759 << 1 047 071 049 042
678100777 << 1 047 071 049 043
678100796 << 1 047 071 049 042
678100815 << 1 047 070 049 040
678100834 << 1 047 069 049 037
678100853 << 1 047 069 048 037
678100872 << 1 047 068 048 036
678100890 << 1 047 068 048 037
678100908 << 1 047 068 048 037
678100927 << 1 047 068 048 037
678100946 << 1 047 068 048 038
678100965 << 1 047 068 048 039
678100983 << 1 047 068 048 039
678101002 << 1 047 067 048 039
678101021 << 1 047 067 048 038
678101040 << 1 047 068 048 038
678101059 << 1 047 066 049 038
678101077 << 1 047 065 048 037
678101096 << 1 047 065 048 036
678101115 << 1 047 065 048 036
678101134 << 1 047 065 048 036
678101153 << 1 047 065 048 035
678101172 << 1 047 064 048 035
678101190 << 1 047 064 048 036
678101209 << 1 047 064 048 035
678101228 << 1 047 064 048 035
678101247 << 1 047 063 048 034
678101265 << 1 047 063 048 034
678101284 << 1 047 062 048 034
678101302 << 1 047 062 048 034
678101321 << 1 047 062 048 034
678101340 << 1 047 061 048 035
678101359 << 1 047 061 048 035
678101378 << 1 047 060 048 035
678101397 << 1 047 060 048 035
678101415 << 1 047 058 048 036
678101434 << 1 047 057 048 037
678101453 << 1 047 055 048 037
678101472 << 1 047 053 048 038
678101491 << 1 047 051 048 038
678101509 << 1 047 049 048 038
678101528 << 1 048 047 048 038
678101547 << 1 048 047 048 039
678101566 << 1 048 046 048 039
678101585 << 1 049 046 048 039
678101603 << 1 050 046 048 039
678101622 << 1 049 048 048 039
678101640 << 1 050 049 048 040
678101659 << 1 049 048 048 040
678101677 << 1 049 049 049 041
678101696 << 1 049 049 048 041
678101715 << 1 049 049 049 040
678101734 << 1 049 049 048 041
678101753 << 1 049 049 048 040
678101772 << 1 049 048 048 041
678101790 << 1 049 048 048 041
678101809 << 1 049 048 048 042
678101828 << 1 049 047 048 042
678101847 << 1 049 047 048 043
678101866 << 1 048 046 049 043
678101885 << 1 048 046 048 044
678101903 << 1 048 046 049 045
678101922 << 1 048 046 049 045
678101941 << 1 048 046 049 045
678101959 << 1 048 046 049 044
678101978 << 1 048 046 049 044
678101997 << 1 048 046 049 043
678102015 << 1 048 046 049 042
678102034 << 1 048 047 049 040
678102053 << 1 048 047 049 039
678102071 << 1 048 047 049 039
678102090 << 1 047 047 049 039
678102109 << 1 048 047 049 039
678102128 << 1 048 047 049 040
678102147 << 1 048 047 049 041
678102165 << 1 048 047 049 042
678102184 << 1 048 047 049 041
678102203 << 1 048 047 049 041
678102222 << 1 048 047 048 040
678102240 << 1 048 047 048 038
678102259 << 1 048 047 048 037
678102278 << 1 048 046 048 038
678102297 << 1 050 045 048 037
678102316 << 1 052 045 049 037
678102335 << 1 052 044 049 037
678102353 << 1 052 044 049 037
678102372 << 1 052 044 049 037
678102390 << 1 052 044 049 037
678102409 << 1 053 044 049 037
678102428 << 1 053 044 048 037
678102447 << 1 053 044 048 035
678102465 << 1 054 044 048 035
678102484 << 1 054 044 048 034
678102503 << 1 054 045 048 035
678102522 << 1 054 046 048 035
678102541 << 1 053 049 048 035
678102559 << 1 052 050 048 036
678102578 << 1 050 051 048 037
678102597 << 1 049 051 048 038
678102616 << 1 048 052 048 039
678102635 << 1 048 053 048 039
678102653 << 1 048 052 048 040
678102672 << 1 048 053 048 040
678102691 << 1 048 053 048 040
678102710 << 1 048 053 048 040
678102729 << 1 048 052 048 040
678102747 << 1 048 052 049 040
678102765 << 1 050 053 049 039
678102784 << 1 051 054 049 039
678102803 << 1 052 054 049 039
678102822 << 1 052 055 049 039
678102840 << 1 051 056 049 039
678102859 << 1 051 057 049 039
678102878 << 1 051 059 049 039
678102897 << 1 051 059 049 039
678102915 << 1 051 060 049 039
678102934 << 1 051 060 049 039
678102953 << 1 051 060 049 039
678102972 << 1 050 060 049 039
678102990 << 1 050 060 049 039
678103009 << 1 050 058 049 039
678103028 << 1 049 057 049 039
678103047 << 1 048 056 049 039
678103066 << 1 048 055 049 039
678103084 << 1 048 054 049 039
678103103 << 1 048 054 049 037
678103122 << 1 048 054 049 037
678103140 << 1 048 054 049 036
678103159 << 1 048 054 049 036
678103177 << 1 047 054 049 036
678103196 << 1 047 054 049 036
678103215 << 1 047 056 049 036
678103234 << 1 047 057 049 036
678103253 << 1 047 057 049 036
678103272 << 1 047 058 049 037
678103290 << 1 047 058 049 038
678103309 << 1 047 059 049 038
678103328 << 1 047 059 049 039
678103347 << 1 047 059 048 039
678103366 << 1 047 060 048 039
678103384 << 1 047 060 048 039
678103403 << 1 047 060 048 038
678103422 << 1 047 060 049 039
678103441 << 1 047 060 049 038
678103460 << 1 047 060 049 038
678103478 << 1 047 060 049 038
678103497 << 1 047 060 049 038
678103515 << 1 047 060 050 038
678103534 << 1 047 060 049 038
678103553 << 1 047 060 049 038
678103572 << 1 047 060 049 038
678103591 << 1 047 060 049 038
678103609 << 1 047 061 049 038
678103628 << 1 047 061 049 038
678103647 << 1 047 061 049 038
678103666 << 1 047 062 049 038
678103685 << 1 047 062 049 038
678103704 << 1 047 062 049 038
678103722 << 1 046 062 049 038
678103741 << 1 046 062 049 038
678103760 << 1 046 062 049 038
678103779 << 1 046 062 049 038
678103798 << 1 046 063 049 037
678103817 << 1 046 063 049 037
678103835 << 1 046 063 049 038
678103854 << 1 047 063 049 038
678103873 << 1 047 063 049 038
678103891 << 1 047 063 049 038
678103910 << 1 047 064 049 038
678103929 << 1 047 064 049 038
678103947 << 1 047 063 049 038
678103966 << 1 048 064 049 038
678103985 << 1 048 064 049 038
678104004 << 1 048 064 049 038
678104023 << 1 048 064 049 038
678104041 << 1 048 065 049 038
678104061 << 1 048 064 049 038
678104079 << 1 048 065 049 039
678104098 << 1 048 065 049 040
678104117 << 1 048 065 048 039
678104136 << 1 048 065 048 039
678104154 << 1 048 065 049 039
678104173 << 1 048 065 049 039
678104192 << 1 048 065 049 039
678104211 << 1 048 065 049 039
678104229 << 1 048 065 049 038
678104248 << 1 048 065 049 038
678104266 << 1 048 065 049 039
678104285 << 1 048 065 049 038
678104304 << 1 048 065 049 038
678104322 << 1 048 065 049 038
678104341 << 1 048 065 049 037
678104360 << 1 048 065 049 038
678104379 << 1 048 065 049 038
678104398 << 1 048 065 049 038
678104417 << 1 048 065 049 038
678104435 << 1 048 065 049 038
678104454 << 1 048 065 049 038
678104473 << 1 048 065 049 038
678104492 << 1 048 065 049 038
678104511 << 1 048 065 049 038
678104529 << 1 048 065 049 038
678104548 << 1 048 065 049 037
678104567 << 1 048 065 049 037
678104586 << 1 048 065 049 038
678104605 << 1 048 065 049 038
678104623 << 1 048 065 049 038
678104641 << 1 048 065 049 037
678104660 << 1 048 065 049 037
678104679 << 1 048 065 049 037
678104698 << 1 048 065 049 037
678104716 << 1 048 065 049 037
678104735 << 1 048 065 049 037
678104754 << 1 048 065 049 037
678104773 << 1 048 065 049 037
678104791 << 1 048 065 049 037
678104810 << 1 048 065 049 037
678104829 << 1 048 065 049 038
678104848 << 1 048 065 049 038
678104867 << 1 048 065 049 038
678104886 << 1 048 065 049 039
678104904 << 1 048 065 049 039
678104923 << 1 048 065 049 039
678104942 << 1 048 065 049 039
678104961 << 1 048 066 049 039
678104980 << 1 048 067 049 038
678104998 << 1 048 066 049 038
678105016 << 1 048 067 049 038
678105035 << 1 048 067 049 038
678105054 << 1 048 067 049 038
678105073 << 1 048 067 049 038
678105092 << 1 048 067 049 038
678105110 << 1 048 067 049 038
678105129 << 1 047 067 049 038
678105148 << 1 047 067 049 038
678105167 << 1 046 067 049 038
678105186 << 1 043 066 049 038
678105205 << 1 040 066 049 038
678105224 << 1 039 066 049 038
678105242 << 1 037 065 049 038
678105261 << 1 037 065 049 038
678105280 << 1 036 065 049 038
678105299 << 1 036 065 049 038
678105318 << 1 036 065 049 038
678105336 << 1 036 065 049 038
678105355 << 1 037 065 049 039
678105374 << 1 037 065 049 040
678105392 << 1 038 065 049 040
678105411 << 1 038 065 049 040
678105429 << 1 038 065 049 040
678105448 << 1 038 065 049 039
678105467 << 1 038 065 049 039
678105486 << 1 038 065 049 039
678105505 << 1 038 065 049 039
678105524 << 1 038 065 049 039
678105542 << 1 038 065 049 038
678105561 << 1 038 065 049 038
678105580 << 1 038 065 049 039
678105599 << 1 038 065 049 039
678105618 << 1 037 065 049 039
678105636 << 1 037 065 049 038
678105655 << 1 037 065 049 038
678105674 << 1 037 065 049 038
678105693 << 1 037 065 049 038
678105712 << 1 038 065 049 038
678105731 << 1 038 065 049 038
678105749 << 1 039 065 049 038
678105767 << 1 039 064 049 038
678105786 << 1 039 064 049 038
678105805 << 1 039 064 049 038
678105823 << 1 040 064 049 038
678105843 << 1 040 063 049 038
678105861 << 1 042 063 049 038
678105880 << 1 044 062 049 038
678105899 << 1 045 062 049 038
678105918 << 1 046 061 049 038
678105937 << 1 046 060 049 038
678105956 << 1 047 060 049 038
678105974 << 1 047 060 049 038
678105993 << 1 047 059 049 039
678106012 << 1 048 058 049 039
678106031 << 1 048 058 049 038
678106050 << 1 047 057 049 038
678106068 << 1 047 057 049 037
678106087 << 1 047 056 049 036
678106106 << 1 047 055 049 036
678106125 << 1 047 054 049 036
678106143 << 1 048 053 049 036
678106162 << 1 048 052 049 036
678106181 << 1 048 053 049 036
678106199 << 1 048 053 049 037
678106218 << 1 048 053 049 037
678106237 << 1 048 052 049 038
678106256 << 1 048 052 049 037
678106274 << 1 048 051 049 038
678106293 << 1 048 050 049 038
678106312 << 1 048 048 049 038
678106331 << 1 050 047 049 038
678106350 << 1 052 047 049 038
678106368 << 1 052 046 049 038
678106387 << 1 052 045 049 037
678106406 << 1 052 045 049 037
678106425 << 1 052 046 049 037
678106444 << 1 052 045 049 038
678106463 << 1 052 045 049 038
678106481 << 1 052 044 049 038
678106499 << 1 052 044 049 038
678106518 << 1 052 045 049 038
678106537 << 1 052 045 049 038
678106555 << 1 052 045 049 039
678106574 << 1 052 045 049 039
678106593 << 1 052 044 049 039
678106612 << 1 052 044 049 039
678106630 << 1 052 044 049 039
678106649 << 1 052 044 049 038
678106668 << 1 052 044 049 038
678106687 << 1 052 044 049 038
678106706 << 1 051 044 049 038
678106725 << 1 051 044 049 038
678106743 << 1 052 044 049 038
678106762 << 1 051 045 049 038
678106781 << 1 052 046 049 038
678106800 << 1 052 047 049 038
678106819 << 1 051 049 049 038
678106838 << 1 050 051 049 038
678106856 << 1 049 052 049 038
678106874 << 1 048 055 049 038
678106893 << 1 048 058 049 038
678106912 << 1 048 059 049 038
678106931 << 1 048 059 049 038
678106950 << 1 048 059 049 038
678106968 << 1 048 059 049 038
678106987 << 1 048 059 049 038
678107006 << 1 048 059 049 038
678107025 << 1 048 059 049 038
678107044 << 1 048 059 049 038
678107063 << 1 048 059 049 038
678107081 << 1 048 059 049 038
678107100 << 1 048 059 049 038
678107119 << 1 048 059 049 038
678107138 << 1 048 059 049 038
678107157 << 1 048 059 049 038
678107175 << 1 048 060 049 038
678107195 << 1 048 060 049 038
678107213 << 1 048 061 049 038
678107232 << 1 048 062 049 038
678107250 << 1 048 063 049 038
678107269 << 1 048 063 049 038
678107288 << 1 048 063 049 038
678107307 << 1 048 064 049 038
678107325 << 1 048 064 049 038
678107344 << 1 048 064 049 038
678107363 << 1 048 064 049 038
678107382 << 1 048 064 049 038
678107401 << 1 048 064 049 038
678107419 << 1 048 064 049 038
678107438 << 1 048 064 049 038
678107457 << 1 047 064 049 038
678107476 << 1 047 064 049 038
678107495 << 1 048 065 049 038
678107514 << 1 047 065 049 038
678107532 << 1 047 065 049 038
678107551 << 1 047 065 049 038
678107570 << 1 047 066 049 038
678107589 << 1 047 066 049 038
678107608 << 1 047 066 049 038
678107626 << 1 047 065 049 038
678107644 << 1 047 066 049 040
678107663 << 1 047 066 049 041
678107682 << 1 047 065 049 041
678107701 << 1 047 065 049 043
678107720 << 1 047 065 049 044
678107739 << 1 047 066 049 044
678107757 << 1 047 066 049 043
678107776 << 1 047 065 049 043
678107795 << 1 047 065 049 042
678107814 << 1 047 065 049 041
678107832 << 1 047 065 049 040
678107851 << 1 047 065 049 039
678107870 << 1 047 065 049 039
678107889 << 1 047 065 049 039
678107908 << 1 047 065 049 039
678107926 << 1 047 065 049 039
678107945 << 1 047 065 049 039
678107964 << 1 047 065 049 040
678107983 << 1 047 065 049 041
678108001 << 1 047 065 049 042
678108019 << 1 047 065 049 043
678108038 << 1 047 065 049 041
678108057 << 1 047 065 049 042
678108076 << 1 047 065 049 038
678108094 << 1 047 065 049 036
678108114 << 1 047 065 049 034
678108132 << 1 047 065 049 032
678108151 << 1 047 065 049 029
678108170 << 1 047 065 049 028
678108189 << 1 047 065 049 028
678108207 << 1 047 065 049 028
678108226 << 1 047 065 049 028
678108245 << 1 047 065 049 028
678108264 << 1 047 065 049 028
678108283 << 1 047 065 049 028
678108302 << 1 047 065 049 028
678108320 << 1 047 065 049 029
678108339 << 1 047 065 049 029
678108358 << 1 047 065 049 030
678108376 << 1 047 065 049 033
678108395 << 1 047 065 049 038
678108414 << 1 047 065 049 042
678108432 << 1 047 065 049 045
678108451 << 1 047 065 049 048
678108470 << 1 047 065 049 051
678108489 << 1 047 064 049 052
678108507 << 1 047 065 049 052
678108526 << 1 047 064 049 052
678108545 << 1 047 065 049 051
678108564 << 1 047 065 049 046
678108583 << 1 047 065 049 043
678108601 << 1 047 065 049 042
678108620 << 1 047 065 049 040
678108639 << 1 047 065 049 039
678108658 << 1 047 065 049 038
678108677 << 1 047 065 049 038
678108695 << 1 047 065 049 040
678108714 << 1 047 065 049 041
678108733 << 1 047 065 049 042
678108752 << 1 047 065 049 044
678108769 << 1 047 065 049 045
678108788 << 1 047 065 049 044
678108807 << 1 047 065 049 043
678108826 << 1 047 065 049 042
678108845 << 1 047 065 049 040
678108864 << 1 047 065 049 037
678108882 << 1 047 065 049 033
678108901 << 1 047 065 049 031
678108920 << 1 047 065 049 029
678108939 << 1 047 065 049 030
678108958 << 1 047 065 049 031
678108977 << 1 047 065 049 031
678108995 << 1 047 065 049 033
678109014 << 1 047 065 049 036
678109033 << 1 047 065 049 039
678109052 << 1 047 065 049 039
678109071 << 1 047 065 049 039
678109089 << 1 047 065 049 037
678109108 << 1 047 065 049 036
678109127 << 1 047 064 049 035
678109145 << 1 047 065 049 035
678109163 << 1 047 065 049 035
678109183 << 1 047 065 049 034
678109201 << 1 047 065 049 033
678109220 << 1 047 065 049 033
678109239 << 1 047 065 049 034
678109258 << 1 047 065 049 035
678109277 << 1 047 065 049 036
678109296 << 1 047 065 049 038
678109314 << 1 047 065 049 041
678109333 << 1 047 065 049 043
678109352 << 1 047 065 049 043
678109371 << 1 047 064 049 043
678109389 << 1 047 064 049 043
678109408 << 1 047 065 049 042
678109426 << 1 047 065 049 042
678109446 << 1 047 065 049 040
678109464 << 1 047 065 049 038
678109483 << 1 047 065 049 036
678109502 << 1 047 065 049 036
678109521 << 1 047 065 049 037
678109539 << 1 047 065 049 036
678109558 << 1 047 065 049 038
678109577 << 1 047 064 049 039
678109596 << 1 047 065 049 042
678109615 << 1 047 064 049 046
678109634 << 1 047 064 049 050
678109652 << 1 047 064 049 051
678109671 << 1 047 064 049 051
678109690 << 1 047 064 049 051
678109708 << 1 047 065 049 051
678109726 << 1 047 064 049 050
678109746 << 1 047 064 049 045
678109764 << 1 047 064 049 042
678109783 << 1 047 064 049 038
678109802 << 1 047 064 049 035
678109821 << 1 047 064 049 033
678109840 << 1 047 064 049 032
678109859 << 1 047 064 049 031
678109877 << 1 047 064 049 031
678109896 << 1 047 064 049 031
678109915 << 1 047 064 049 031
678109934 << 1 047 064 049 031
678109953 << 1 047 064 049 031
678109971 << 1 047 064 049 032
678109990 << 1 047 064 049 032
678110009 << 1 047 064 049 032
678110028 << 1 047 064 049 032
678110047 << 1 047 064 049 032
678110066 << 1 047 064 049 032
678110083 << 1 047 064 049 032
678110102 << 1 047 064 049 032
678110121 << 1 047 064 049 032
678110140 << 1 047 064 049 032
678110159 << 1 047 064 049 032
678110178 << 1 047 064 049 033
678110197 << 1 047 064 049 036
678110215 << 1 047 064 049 037
678110234 << 1 047 064 049 037
678110253 << 1 047 064 049 037
678110272 << 1 047 064 049 038
678110291 << 1 047 064 049 038
678110310 << 1 047 065 049 038
678110328 << 1 047 064 049 038
678110347 << 1 047 064 049 038
678110366 << 1 047 065 049 039
678110385 << 1 047 065 048 039
678110404 << 1 047 065 048 041
678110423 << 1 047 065 049 042
678110441 << 1 047 065 049 043
678110459 << 1 047 065 049 045
678110478 << 1 047 065 049 046
678110497 << 1 047 065 049 048
678110515 << 1 047 065 049 048
678110534 << 1 047 065 049 051
678110553 << 1 047 065 049 052
678110572 << 1 047 065 049 053
678110591 << 1 047 065 049 053
678110610 << 1 047 065 049 051
678110628 << 1 047 065 049 047
678110647 << 1 047 065 049 045
678110666 << 1 047 065 049 044
678110685 << 1 047 065 049 042
678110703 << 1 047 065 049 039
678110722 << 1 047 065 049 037
678110741 << 1 047 065 049 037
678110760 << 1 047 065 049 036
678110779 << 1 047 065 049 036
678110798 << 1 047 065 049 037
678110816 << 1 047 065 049 037
678110834 << 1 047 065 049 038
678110853 << 1 047 065 049 038
678110872 << 1 047 065 049 037
678110890 << 1 047 065 049 037
678110909 << 1 047 065 049 037
678110928 << 1 047 065 049 037
678110947 << 1 047 065 049 037
678110966 << 1 047 065 049 037
678110985 << 1 047 065 049 037
678111003 << 1 047 065 049 037
678111022 << 1 047 065 049 037
678111041 << 1 047 065 049 037
678111060 << 1 047 065 049 037
678111079 << 1 047 065 049 037
678111098 << 1 047 065 049 037
678111116 << 1 047 065 049 037
678111135 << 1 047 065 049 037
678111154 << 1 047 065 049 037
678111173 << 1 047 065 049 037
678111191 << 1 047 065 049 036
678111209 << 1 047 065 049 036
678111228 << 1 047 065 048 035
678111247 << 1 047 065 049 035
678111266 << 1 047 065 049 035
678111285 << 1 047 065 049 035
678111303 << 1 047 065 049 035
678111322 << 1 047 065 049 035
678111341 << 1 047 065 048 033
678111360 << 1 047 065 047 033
678111379 << 1 047 065 046 033
678111397 << 1 047 065 047 033
678111417 << 1 047 065 048 033
678111435 << 1 047 064 049 034
678111454 << 1 047 064 049 034
678111473 << 1 047 064 049 035
678111492 << 1 047 064 049 036
678111511 << 1 047 064 049 037
678111530 << 1 047 065 049 039
678111548 << 1 047 065 049 040
678111567 << 1 047 064 049 040
678111585 << 1 047 064 049 039
678111604 << 1 047 065 049 039
678111622 << 1 047 064 049 039
678111641 << 1 047 064 049 039
678111660 << 1 047 064 049 039
678111679 << 1 047 064 049 039
678111698 << 1 047 064 049 040
678111717 << 1 047 065 049 041
678111735 << 1 047 064 049 041
678111754 << 1 047 064 048 042
678111773 << 1 047 064 048 043
678111792 << 1 047 064 049 043
678111811 << 1 047 065 049 043
678111829 << 1 047 064 049 043
678111848 << 1 047 065 049 043
678111867 << 1 047 064 049 043
678111886 << 1 047 065 049 043
678111905 << 1 047 065 049 043
678111923 << 1 047 064 049 042
678111941 << 1 047 064 049 042
678111960 << 1 047 065 049 042
678111979 << 1 047 065 049 043
678111998 << 1 047 064 049 042
678112017 << 1 047 064 049 040
678112035 << 1 047 065 049 040
678112054 << 1 047 065 049 038
678112073 << 1 047 064 049 037
678112092 << 1 047 065 049 036
678112111 << 1 047 064 049 035
678112130 << 1 047 064 049 035
678112148 << 1 047 064 049 035
678112167 << 1 047 065 049 035
678112186 << 1 047 064 049 035
678112205 << 1 047 064 049 036
678112224 << 1 047 064 049 036
678112242 << 1 047 064 049 036
678112261 << 1 047 064 049 037
678112280 << 1 047 064 049 036
678112299 << 1 047 064 049 036
678112316 << 1 047 064 049 035
678112335 << 1 047 064 049 035
678112354 << 1 047 064 049 035
678112373 << 1 047 064 049 035
678112392 << 1 047 064 049 035
678112411 << 1 047 064 049 036
678112430 << 1 047 064 049 036
678112449 << 1 047 064 049 036
678112467 << 1 047 064 049 036
678112486 << 1 047 064 049 036
678112505 << 1 047 064 049 036
678112524 << 1 047 064 049 036
678112542 << 1 047 064 049 036
678112561 << 1 047 064 049 036
678112580 << 1 047 064 049 036
678112599 << 1 047 064 049 036
678112618 << 1 047 064 049 036
678112637 << 1 047 064 049 036
678112655 << 1 047 064 049 036
678112674 << 1 047 064 049 036
678112692 << 1 047 064 048 037
678112711 << 1 047 064 047 038
678112730 << 1 047 064 047 040
678112749 << 1 047 064 047 042
678112767 << 1 047 064 047 044
678112786 << 1 047 064 048 046
678112805 << 1 047 064 049 050
678112824 << 1 047 064 048 052
678112843 << 1 047 064 049 052
678112861 << 1 047 064 049 051
678112880 << 1 047 064 049 051
678112899 << 1 047 064 049 049
678112918 << 1 047 064 049 044
678112936 << 1 047 064 049 042
678112956 << 1 047 064 049 037
678112974 << 1 047 064 049 034
678112993 << 1 047 064 049 032
678113012 << 1 047 064 049 032
678113031 << 1 047 064 049 033
678113050 << 1 047 064 049 034
678113068 << 1 047 064 049 034
678113086 << 1 047 064 049 034
678113105 << 1 047 064 049 034
678113124 << 1 047 064 049 034
678113143 << 1 047 064 049 035
678113162 << 1 047 064 049 035
678113180 << 1 047 064 049 035
678113199 << 1 047 064 049 036
678113218 << 1 047 064 048 036
678113237 << 1 047 064 048 036
678113256 << 1 047 064 048 036
678113275 << 1 047 064 048 037
678113293 << 1 047 064 048 038
678113312 << 1 047 064 048 040
678113331 << 1 047 064 048 042
678113350 << 1 047 064 048 045
678113368 << 1 047 064 048 050
678113387 << 1 047 064 048 053
678113406 << 1 047 064 049 055
678113425 << 1 047 064 049 056
678113443 << 1 047 064 050 057
678113462 << 1 047 064 049 057
678113480 << 1 047 064 049 056
678113499 << 1 047 064 049 055
678113518 << 1 047 064 049 050
678113537 << 1 047 064 049 045
678113556 << 1 047 064 049 043
678113575 << 1 047 064 049 037
678113593 << 1 047 064 049 033
678113612 << 1 047 064 049 030
678113631 << 1 047 064 049 028
678113650 << 1 047 064 049 028
678113669 << 1 047 064 049 028
678113688 << 1 047 064 049 028
678113707 << 1 047 064 049 028
678113725 << 1 047 064 049 028
678113744 << 1 047 064 049 028
678113763 << 1 047 064 049 028
678113782 << 1 047 064 049 028
678113801 << 1 047 064 049 029
678113819 << 1 047 064 049 029
678113838 << 1 047 064 049 029
678113856 << 1 047 064 049 029
678113875 << 1 047 064 049 030
678113894 << 1 047 064 049 031
678113913 << 1 047 064 049 034
678113932 << 1 047 064 049 035
678113950 << 1 047 064 049 035
678113969 << 1 047 064 049 035
678113988 << 1 047 064 049 034
678114007 << 1 047 064 048 034
678114026 << 1 047 064 049 035
678114045 << 1 047 064 049 035
678114064 << 1 047 064 049 036
678114082 << 1 047 064 048 037
678114101 << 1 047 064 048 039
678114120 << 1 047 064 048 039
678114139 << 1 047 064 048 039
678114157 << 1 047 064 048 039
678114176 << 1 047 064 048 039
678114194 << 1 047 064 048 039
678114213 << 1 047 064 048 040
678114232 << 1 048 064 048 040
678114251 << 1 048 064 048 041
678114269 << 1 048 064 048 040
678114288 << 1 049 064 048 040
678114307 << 1 050 064 049 040
678114326 << 1 052 064 049 040
678114344 << 1 052 064 048 040
678114363 << 1 054 064 049 040
678114382 << 1 058 064 049 040
678114401 << 1 060 063 049 040
678114420 << 1 061 063 049 040
678114439 << 1 061 064 049 040
678114457 << 1 061 064 049 040
678114477 << 1 061 064 049 041
678114495 << 1 061 063 049 041
678114514 << 1 062 063 049 041
678114533 << 1 062 063 049 042
678114552 << 1 061 063 049 042
678114569 << 1 061 063 049 042
678114588 << 1 060 064 049 041
678114607 << 1 060 063 049 042
678114626 << 1 058 063 049 042
678114645 << 1 057 064 049 042
678114663 << 1 054 064 049 042
678114682 << 1 053 064 049 042
678114701 << 1 053 064 049 042
678114721 << 1 053 064 048 042
678114739 << 1 052 064 048 042
678114758 << 1 052 064 048 042
678114776 << 1 052 063 048 041
678114795 << 1 052 063 049 042
678114814 << 1 052 063 049 042
678114833 << 1 052 063 049 042
678114852 << 1 052 063 048 042
678114871 << 1 053 063 047 042
678114889 << 1 054 063 046 042
678114908 << 1 055 064 046 041
678114927 << 1 056 064 046 041
678114945 << 1 057 064 046 041
678114963 << 1 057 064 046 041
678114982 << 1 057 064 047 041
678115001 << 1 057 064 049 041
678115020 << 1 057 064 049 041
678115039 << 1 058 064 049 042
678115058 << 1 060 064 049 042
678115076 << 1 061 064 049 042
678115095 << 1 061 064 049 042
678115114 << 1 061 064 049 041
678115133 << 1 061 064 049 041
678115152 << 1 061 064 049 041
678115171 << 1 061 064 049 041
678115189 << 1 061 065 049 041
678115208 << 1 061 065 049 041
678115227 << 1 061 065 049 040
678115246 << 1 061 065 049 039
678115265 << 1 062 065 049 037
678115284 << 1 063 066 049 037
678115302 << 1 063 066 049 038
678115320 << 1 063 067 049 037
678115339 << 1 063 067 049 037
678115358 << 1 063 068 049 037
678115377 << 1 063 068 049 037
678115396 << 1 063 069 049 037
678115414 << 1 063 069 049 037
678115433 << 1 063 069 049 037
678115452 << 1 063 070 049 038
678115471 << 1 063 070 049 038
678115490 << 1 062 071 049 037
678115508 << 1 062 070 049 037
678115528 << 1 062 070 049 037
678115546 << 1 062 070 049 037
678115565 << 1 062 071 049 037
678115584 << 1 062 071 049 038
678115603 << 1 062 071 049 038
678115622 << 1 061 071 049 038
678115640 << 1 061 071 049 039
678115659 << 1 061 071 049 039
678115678 << 1 061 071 049 040
678115695 << 1 060 071 049 039
678115714 << 1 060 071 049 039
678115733 << 1 059 072 048 039
678115752 << 1 058 072 048 039
678115771 << 1 056 072 048 039
678115789 << 1 050 072 048 039
678115808 << 1 048 072 048 039
678115827 << 1 048 073 048 039
678115846 << 1 048 073 048 039
678115864 << 1 048 073 048 038
678115883 << 1 048 073 048 038
678115902 << 1 047 073 048 038
678115921 << 1 046 073 048 038
678115940 << 1 045 073 048 039
678115958 << 1 045 072 048 038
678115977 << 1 045 072 047 037
678115996 << 1 045 072 046 037
678116015 << 1 045 071 046 037
678116034 << 1 042 071 046 037
678116052 << 1 038 068 046 037
678116070 << 1 037 068 046 037
678116089 << 1 037 068 046 037
678116108 << 1 037 068 046 037
678116127 << 1 037 068 046 037
678116146 << 1 037 067 046 037
678116164 << 1 038 068 046 037
678116183 << 1 041 067 046 037
678116202 << 1 044 067 045 037
678116221 << 1 045 067 045 037
678116239 << 1 046 067 045 037
678116259 << 1 047 066 045 037
678116277 << 1 047 066 045 038
678116296 << 1 047 066 045 038
678116315 << 1 047 066 045 038
678116334 << 1 047 066 045 039
678116353 << 1 048 066 045 039
678116371 << 1 048 065 045 038
678116390 << 1 048 066 045 039
678116409 << 1 048 065 045 039
678116427 << 1 048 065 044 039
678116446 << 1 048 065 044 039
678116464 << 1 048 065 044 040
678116483 << 1 048 065 045 040
678116502 << 1 048 065 046 041
678116521 << 1 048 066 046 041
678116539 << 1 048 067 047 040
678116558 << 1 049 068 047 040
678116577 << 1 050 068 047 040
678116596 << 1 051 069 047 040
678116615 << 1 052 069 048 040
678116633 << 1 052 069 048 040
678116652 << 1 052 069 048 039
678116671 << 1 052 069 049 039
678116690 << 1 053 069 049 039
678116709 << 1 053 069 049 039
678116727 << 1 054 069 049 039
678116746 << 1 054 069 049 040
678116765 << 1 056 069 049 039
678116784 << 1 057 069 049 039
678116802 << 1 058 069 049 038
678116821 << 1 059 069 049 039
678116839 << 1 060 069 049 039
678116858 << 1 060 069 049 038
678116877 << 1 061 069 049 039
678116896 << 1 061 069 049 039
678116914 << 1 061 069 049 039
678116934 << 1 062 069 049 038
678116952 << 1 062 069 049 038
678116971 << 1 063 068 049 037
678116990 << 1 063 068 049 038
678117009 << 1 063 068 049 037
678117028 << 1 063 068 049 037
678117046 << 1 063 068 049 037
678117065 << 1 063 068 049 037
678117084 << 1 064 068 049 037
678117103 << 1 064 068 049 037
678117122 << 1 065 068 049 037
678117141 << 1 065 068 049 037
678117159 << 1 066 068 049 037
678117177 << 1 066 068 049 037
678117196 << 1 066 068 049 038
678117215 << 1 066 068 049 038
678117234 << 1 066 068 049 038
678117253 << 1 066 068 048 038
678117271 << 1 066 068 048 039
678117290 << 1 066 068 048 039
678117309 << 1 066 068 048 039
678117328 << 1 066 068 048 038
678117346 << 1 066 068 048 039
678117365 << 1 066 068 048 039
678117384 << 1 066 068 048 039
678117403 << 1 065 068 048 039
678117422 << 1 064 068 048 039
678117441 << 1 061 068 048 039
678117459 << 1 060 068 048 039
678117478 << 1 060 069 049 040
678117497 << 1 058 070 049 039
678117516 << 1 057 071 049 039
678117535 << 1 056 071 049 039
678117552 << 1 055 071 049 039
678117571 << 1 054 071 049 039
678117590 << 1 053 070 049 039
678117608 << 1 052 071 049 038
678117627 << 1 052 070 049 038
678117646 << 1 051 068 049 038
678117665 << 1 051 068 049 038
678117684 << 1 051 067 049 038
678117703 << 1 050 067 049 038
678117721 << 1 048 067 049 038
678117741 << 1 048 067 049 038
678117759 << 1 048 066 049 038
678117778 << 1 048 066 049 038
678117797 << 1 048 066 049 038
678117816 << 1 048 065 049 038
678117835 << 1 048 065 049 038
678117853 << 1 048 065 049 038
678117872 << 1 048 065 049 038
678117891 << 1 048 065 049 038
678117910 << 1 048 065 049 038
678117928 << 1 048 065 049 038
678117946 << 1 048 065 049 038
678117965 << 1 048 065 049 038
678117984 << 1 048 065 049 038
678118003 << 1 048 065 049 038
678118022 << 1 048 065 049 038
678118040 << 1 048 065 049 038
678118059 << 1 048 065 049 038
678118078 << 1 048 065 049 039
678118097 << 1 048 065 049 038
678118116 << 1 048 065 049 038
678118134 << 1 048 066 049 038
678118153 << 1 047 066 049 038
678118172 << 1 047 067 049 038
678118191 << 1 047 067 049 038
678118210 << 1 046 067 049 038
678118229 << 1 046 067 049 038
678118248 << 1 046 067 049 038
678118266 << 1 046 067 049 038
678118285 << 1 046 067 049 038
678118303 << 1 046 067 049 038
678118322 << 1 047 067 049 039
678118341 << 1 048 067 048 039
678118359 << 1 048 067 048 040
678118378 << 1 048 067 048 040
678118397 << 1 048 067 048 039
678118416 << 1 048 067 048 040
678118435 << 1 048 066 048 039
678118453 << 1 048 066 048 039
678118472 << 1 048 066 049 039
678118491 << 1 048 066 048 039
678118510 << 1 048 066 049 039
678118529 << 1 048 066 049 039
678118547 << 1 048 066 049 039
678118566 << 1 049 067 049 039
678118585 << 1 049 067 049 039
678118604 << 1 049 066 048 039
678118623 << 1 049 067 048 039
678118641 << 1 050 067 048 039
678118660 << 1 050 067 048 039
678118678 << 1 051 067 048 039
678118697 << 1 051 067 048 039
678118715 << 1 052 067 048 039
678118734 << 1 052 067 048 039
678118753 << 1 052 067 048 039
678118772 << 1 052 067 048 039
678118790 << 1 051 067 048 039
678118809 << 1 050 067 048 039
678118828 << 1 049 068 049 039
678118847 << 1 048 068 049 039
678118866 << 1 048 070 049 039
678118884 << 1 048 072 049 039
678118903 << 1 048 073 049 039
678118922 << 1 048 073 049 039
678118941 << 1 048 074 049 039
678118959 << 1 048 074 049 039
678118978 << 1 047 074 049 039
678118997 << 1 047 073 049 039
678119016 << 1 047 073 049 039
678119034 << 1 047 072 049 039
678119052 << 1 047 072 049 039
678119071 << 1 047 072 049 039
678119090 << 1 047 072 049 039
678119109 << 1 047 072 049 039
678119127 << 1 048 072 049 039
678119146 << 1 047 071 049 040
678119165 << 1 048 071 049 042
678119184 << 1 048 071 049 042
678119202 << 1 048 072 049 044
678119221 << 1 048 071 049 047
678119240 << 1 048 072 049 050
678119259 << 1 048 072 049 052
678119278 << 1 048 072 049 052
678119296 << 1 048 071 049 052
678119315 << 1 048 072 049 052
678119334 << 1 048 072 049 051
678119353 << 1 048 072 049 050
678119371 << 1 048 072 049 047
678119390 << 1 048 072 049 045
678119409 << 1 048 072 049 044
678119427 << 1 048 072 049 042
678119446 << 1 048 072 049 042
678119464 << 1 048 071 049 040
678119483 << 1 048 071 049 040
678119502 << 1 048 071 049 040
678119521 << 1 048 071 049 041
678119540 << 1 048 071 049 041
678119558 << 1 048 071 049 042
678119577 << 1 048 071 049 043
678119596 << 1 048 071 049 044
678119614 << 1 048 071 049 043
678119633 << 1 048 071 049 043
678119652 << 1 048 071 049 040
678119671 << 1 048 071 049 037
678119689 << 1 048 070 049 034
678119708 << 1 048 070 049 032
678119727 << 1 048 069 049 030
678119746 << 1 048 069 049 030
678119765 << 1 048 069 049 030
678119784 << 1 048 069 049 030
678119802 << 1 047 070 049 030
678119820 << 1 047 070 049 030
678119839 << 1 047 071 049 030
678119858 << 1 047 072 049 030
678119877 << 1 047 072 049 031
678119896 << 1 047 072 049 031
678119915 << 1 047 072 049 031
678119933 << 1 047 072 049 031
678119952 << 1 047 072 049 031
678119971 << 1 047 071 049 031
678119990 << 1 047 071 049 031
678120009 << 1 047 071 049 031
678120028 << 1 047 071 049 034
678120046 << 1 047 071 049 037
678120065 << 1 047 071 049 039
678120084 << 1 047 071 049 039
678120103 << 1 048 071 049 039
678120121 << 1 048 071 049 039
678120140 << 1 048 071 049 039
678120159 << 1 048 071 049 039
678120177 << 1 048 071 049 038
678120196 << 1 048 071 049 038
678120214 << 1 049 071 049 039
678120233 << 1 049 071 049 038
678120252 << 1 049 071 048 039
678120271 << 1 049 071 048 039
678120289 << 1 049 072 049 039
678120308 << 1 049 072 049 039
678120327 << 1 049 072 049 039
678120346 << 1 050 072 049 040
678120364 << 1 049 072 049 039
678120383 << 1 049 072 049 039
678120402 << 1 049 072 049 039
678120421 << 1 049 072 049 039
678120439 << 1 049 072 049 039
678120458 << 1 049 072 049 039
678120477 << 1 048 072 049 039
678120496 << 1 048 072 049 039
678120515 << 1 048 072 049 039
678120533 << 1 048 072 048 039
678120551 << 1 048 072 048 039
678120570 << 1 048 072 048 039
678120588 << 1 048 072 049 039
678120607 << 1 048 072 048 039
678120626 << 1 048 071 049 039
678120645 << 1 048 071 049 038
678120663 << 1 048 071 049 038
678120682 << 1 048 071 049 038
678120701 << 1 048 071 049 038
678120720 << 1 048 071 049 038
678120739 << 1 048 071 049 038
678120757 << 1 048 071 049 038
678120776 << 1 049 071 049 038
678120795 << 1 050 071 049 038
678120814 << 1 050 072 049 038
678120833 << 1 051 072 049 038
678120851 << 1 052 072 049 038
678120870 << 1 052 072 049 038
678120889 << 1 052 072 049 038
678120908 << 1 052 072 049 038
678120926 << 1 053 072 049 038
678120945 << 1 053 072 049 038
678120963 << 1 053 072 049 038
678120982 << 1 053 072 049 038
678121001 << 1 054 072 049 038
678121020 << 1 054 072 049 038
678121039 << 1 054 072 049 038
678121057 << 1 054 072 049 038
678121076 << 1 054 071 049 038
678121095 << 1 054 071 049 038
678121114 << 1 054 071 049 038
678121133 << 1 055 071 049 038
678121152 << 1 055 070 049 038
678121170 << 1 055 070 049 038
678121189 << 1 055 069 049 038
678121208 << 1 055 069 049 038
678121227 << 1 055 068 049 038
678121246 << 1 055 068 049 038
678121265 << 1 055 068 049 038
678121283 << 1 055 068 048 038
678121301 << 1 055 067 048 038
678121320 << 1 055 067 048 038
678121339 << 1 055 067 048 038
678121358 << 1 055 067 048 038
678121376 << 1 055 067 048 038
678121396 << 1 055 067 048 038
678121414 << 1 056 067 048 038
678121433 << 1 057 067 048 038
678121452 << 1 057 067 048 038
678121471 << 1 058 067 048 038
678121489 << 1 058 067 048 038
678121508 << 1 058 067 048 038
678121527 << 1 060 067 048 038
678121546 << 1 060 067 048 038
678121565 << 1 060 067 048 039
678121584 << 1 060 067 049 039
678121602 << 1 061 067 049 039
678121621 << 1 062 066 049 040
678121640 << 1 062 066 049 040
678121659 << 1 062 066 049 040
678121677 << 1 062 066 049 040
678121696 << 1 062 066 049 040
678121714 << 1 062 066 049 040
678121733 << 1 062 066 049 040
678121752 << 1 062 066 049 040
678121771 << 1 062 066 049 040
678121790 << 1 062 066 049 041
678121809 << 1 062 066 049 041
678121828 << 1 062 066 049 041
678121846 << 1 062 066 049 041
678121865 << 1 062 066 049 040
678121884 << 1 062 066 049 040
678121903 << 1 062 066 049 040
678121922 << 1 062 066 049 040
678121941 << 1 063 066 049 040
678121959 << 1 063 066 049 040
678121978 << 1 062 066 049 040
678121997 << 1 062 066 049 040
678122016 << 1 063 066 049 039
678122035 << 1 063 066 049 040
678122052 << 1 063 067 049 040
678122071 << 1 063 067 049 040
678122090 << 1 063 067 049 040
678122109 << 1 063 068 049 040
678122128 << 1 064 068 049 039
678122147 << 1 064 068 049 038
678122165 << 1 064 069 049 039
678122184 << 1 064 069 049 039
678122203 << 1 064 070 049 039
678122222 << 1 063 070 049 038
678122241 << 1 064 070 049 038
678122260 << 1 063 070 049 038
678122278 << 1 062 070 049 038
678122297 << 1 060 070 049 038
678122316 << 1 058 068 049 038
678122335 << 1 057 068 049 038
678122354 << 1 054 067 049 038
678122373 << 1 052 067 049 037
678122391 << 1 050 067 049 037
678122410 << 1 050 067 049 037
678122428 << 1 049 067 049 037
678122447 << 1 049 067 049 037
678122466 << 1 049 067 049 037
678122485 << 1 049 067 049 038
678122504 << 1 049 067 049 038
678122522 << 1 050 067 049 038
678122541 << 1 051 067 049 038
678122560 << 1 051 067 049 038
678122579 << 1 051 067 049 038
678122598 << 1 051 067 049 038
678122617 << 1 051 067 049 038
678122635 << 1 051 067 049 038
678122654 << 1 050 067 049 038
678122673 << 1 050 067 049 038
678122692 << 1 050 067 049 039
678122710 << 1 050 067 048 041
678122729 << 1 050 067 048 042
678122748 << 1 050 067 048 042
678122767 << 1 050 067 048 042
678122785 << 1 050 067 048 042
678122804 << 1 050 067 048 041
678122822 << 1 050 067 049 041
678122841 << 1 050 068 049 041
678122860 << 1 049 067 049 039
678122879 << 1 049 068 049 038
678122898 << 1 048 067 049 038
678122917 << 1 048 067 049 038
678122935 << 1 048 067 049 038
678122954 << 1 048 067 049 038
678122973 << 1 048 067 049 038
678122992 << 1 048 067 049 038
678123011 << 1 048 066 049 037
678123029 << 1 049 066 049 038
678123049 << 1 050 065 049 038
678123067 << 1 051 065 049 037
678123086 << 1 052 065 049 036
678123105 << 1 052 065 049 036
678123124 << 1 052 064 049 036
678123142 << 1 053 064 049 036
678123160 << 1 052 064 049 036
678123179 << 1 052 064 049 036
678123198 << 1 052 064 049 036
678123217 << 1 052 064 049 037
678123236 << 1 052 064 049 037
678123254 << 1 052 064 049 038
678123273 << 1 052 064 049 037
678123292 << 1 052 064 049 037
678123311 << 1 052 064 049 037
678123329 << 1 052 064 049 037
678123348 << 1 052 064 049 038
678123367 << 1 052 063 049 038
678123386 << 1 052 063 048 037
678123405 << 1 052 063 048 037
678123424 << 1 052 063 048 038
678123442 << 1 052 063 048 038
678123462 << 1 052 063 048 038
678123480 << 1 052 063 048 039
678123499 << 1 052 063 049 039
678123517 << 1 052 063 049 041
678123535 << 1 053 063 049 041
678123554 << 1 053 063 049 041
678123573 << 1 053 063 049 041
678123592 << 1 053 063 049 040
678123611 << 1 053 063 049 040
678123629 << 1 054 063 049 039
678123648 << 1 053 063 049 040
678123667 << 1 054 064 049 040
678123686 << 1 054 063 049 040
678123705 << 1 053 064 049 040
678123724 << 1 054 064 049 040
678123742 << 1 053 064 049 040
678123761 << 1 053 064 049 040
678123780 << 1 053 064 049 040
678123799 << 1 054 064 049 040
678123818 << 1 054 064 049 039
678123837 << 1 054 064 049 039
678123855 << 1 054 064 049 038
678123874 << 1 054 064 049 038
678123893 << 1 054 064 049 039
678123911 << 1 054 064 049 038
678123930 << 1 055 064 049 038
678123948 << 1 055 064 048 038
678123967 << 1 054 064 048 038
678123986 << 1 054 064 048 038
678124005 << 1 055 064 048 039
678124024 << 1 055 064 047 041
678124043 << 1 055 064 047 042
678124061 << 1 055 064 046 041
678124080 << 1 055 064 046 041
678124099 << 1 055 064 046 041
678124118 << 1 055 064 047 041
678124136 << 1 055 064 047 041
678124156 << 1 055 064 048 041
678124174 << 1 055 064 048 041
678124193 << 1 055 064 048 041
678124212 << 1 055 064 048 041
678124231 << 1 055 064 048 041
678124249 << 1 055 064 048 041
678124268 << 1 055 064 049 040
678124286 << 1 056 064 049 040
678124305 << 1 057 064 049 041
678124324 << 1 059 064 049 041
678124343 << 1 060 065 049 040
678124361 << 1 061 065 049 039
678124380 << 1 062 065 049 039
678124399 << 1 063 065 049 038
678124418 << 1 064 065 049 038
678124436 << 1 065 065 049 038
678124456 << 1 066 065 049 038
678124474 << 1 066 066 049 038
678124493 << 1 067 066 049 038
678124512 << 1 067 065 049 038
678124531 << 1 068 066 049 038
678124550 << 1 068 066 049 038
678124568 << 1 068 066 049 039
678124587 << 1 068 066 049 038
678124606 << 1 068 066 049 037
678124625 << 1 068 066 049 037
678124644 << 1 068 066 049 037
678124662 << 1 068 066 049 036
678124680 << 1 067 066 049 037
678124699 << 1 067 066 049 037
678124718 << 1 066 066 049 037
678124737 << 1 066 066 049 038
678124756 << 1 065 066 049 038
678124775 << 1 065 066 049 038
678124794 << 1 065 066 049 038
678124812 << 1 065 066 049 038
678124831 << 1 065 066 049 038
678124850 << 1 064 066 049 038
678124869 << 1 063 066 049 038
678124888 << 1 062 065 049 038
678124907 << 1 062 066 049 038
678124925 << 1 062 066 049 038
678124944 << 1 062 065 049 038
678124963 << 1 060 066 048 038
678124982 << 1 059 065 048 039
678125000 << 1 058 065 049 039
678125020 << 1 058 065 049 040
678125037 << 1 058 065 049 040
678125056 << 1 057 065 049 040
678125075 << 1 057 065 049 040
678125094 << 1 057 066 049 040
678125112 << 1 057 066 049 040
678125131 << 1 058 065 049 040
678125150 << 1 057 066 049 040
678125169 << 1 056 066 049 040
678125188 << 1 055 066 049 040
678125207 << 1 053 066 049 040
678125225 << 1 050 065 049 040
678125244 << 1 049 066 049 039
678125263 << 1 048 066 049 039
678125282 << 1 048 066 049 039
678125301 << 1 048 067 049 039
678125320 << 1 048 067 049 039
678125338 << 1 048 067 049 039
678125357 << 1 048 067 049 039
678125376 << 1 048 068 049 039
678125395 << 1 048 068 049 039
678125412 << 1 048 068 049 039
678125431 << 1 048 068 049 039
678125450 << 1 048 068 049 039
678125469 << 1 048 068 049 039
678125487 << 1 048 068 049 039
678125506 << 1 048 068 048 039
678125525 << 1 048 068 049 039
678125544 << 1 049 068 049 039
678125563 << 1 050 067 049 039
678125581 << 1 052 067 049 039
678125600 << 1 052 067 049 039
678125619 << 1 053 067 049 038
678125638 << 1 054 067 049 037
678125656 << 1 055 067 049 037
678125675 << 1 056 067 049 037
678125694 << 1 056 067 049 037
678125713 << 1 058 067 049 037
678125732 << 1 059 067 049 037
678125750 << 1 059 067 048 037
678125769 << 1 058 067 048 037
678125787 << 1 059 067 048 037
678125806 << 1 059 067 048 037
678125825 << 1 058 067 048 037
678125844 << 1 059 067 048 037
678125862 << 1 059 067 048 038
678125881 << 1 059 067 047 038
678125900 << 1 060 067 047 038
678125919 << 1 060 067 046 038
678125938 << 1 060 067 045 038
678125957 << 1 059 067 045 038
678125976 << 1 059 067 045 038
678125994 << 1 059 067 045 038
678126013 << 1 059 067 045 038
678126032 << 1 059 067 046 038
678126051 << 1 059 067 046 038
678126070 << 1 059 067 047 038
678126089 << 1 059 067 047 038
678126107 << 1 059 067 047 038
678126126 << 1 059 067 047 038
678126145 << 1 059 067 047 038
678126163 << 1 059 067 047 038
678126182 << 1 059 067 047 038
678126201 << 1 059 067 047 038
678126219 << 1 059 067 047 038
678126238 << 1 059 067 047 038
678126257 << 1 059 067 046 038
678126276 << 1 059 067 046 038
678126295 << 1 059 067 046 038
678126314 << 1 059 067 046 038
678126332 << 1 059 067 048 038
678126351 << 1 059 067 047 038
678126370 << 1 059 067 048 039
678126389 << 1 059 067 048 039
678126408 << 1 059 067 048 040
678126427 << 1 058 067 048 040
678126445 << 1 059 066 049 041
678126464 << 1 059 067 049 041
678126483 << 1 059 066 049 042
678126501 << 1 059 066 049 041
678126521 << 1 058 066 049 042
678126539 << 1 059 066 049 042
678126558 << 1 059 066 049 042
678126577 << 1 059 066 049 042
678126595 << 1 058 066 049 042
678126614 << 1 058 066 049 042
678126632 << 1 057 066 049 042
678126651 << 1 057 066 049 042
678126670 << 1 057 066 049 042
678126689 << 1 057 065 049 042
678126708 << 1 057 065 049 042
678126727 << 1 057 065 049 041
678126745 << 1 057 065 049 041
678126764 << 1 057 065 048 041
678126783 << 1 057 065 049 041
678126802 << 1 057 064 048 041
678126821 << 1 057 063 049 040
678126839 << 1 057 062 049 039
678126858 << 1 056 061 049 039
678126877 << 1 056 060 049 039
678126896 << 1 056 059 049 038
678126915 << 1 056 058 049 038
678126933 << 1 056 058 049 038
678126952 << 1 056 058 049 038
678126970 << 1 056 057 049 037
678126989 << 1 056 057 049 037
678127007 << 1 056 057 049 037
678127027 << 1 056 058 049 037
678127045 << 1 056 059 049 037
678127064 << 1 056 059 049 036
678127083 << 1 056 059 049 037
678127102 << 1 056 059 049 037
678127120 << 1 056 060 049 036
678127139 << 1 056 060 049 037
678127158 << 1 056 060 049 037
678127177 << 1 056 060 049 037
678127196 << 1 056 060 049 036
678127215 << 1 055 061 049 036
678127233 << 1 055 061 049 036
678127252 << 1 055 061 049 036
678127271 << 1 055 061 049 037
678127290 << 1 054 061 049 036
678127309 << 1 054 061 049 036
678127328 << 1 054 061 049 037
678127345 << 1 054 061 049 037
678127364 << 1 054 061 049 037
678127383 << 1 054 061 049 037
678127402 << 1 054 061 049 037
678127421 << 1 054 061 049 037
678127440 << 1 054 061 049 037
678127459 << 1 054 061 049 037
678127477 << 1 054 062 049 037
678127496 << 1 054 062 049 037
678127515 << 1 054 062 049 037
678127534 << 1 054 062 049 037
678127552 << 1 054 062 049 037
678127571 << 1 054 062 049 037
678127590 << 1 054 061 049 037
678127609 << 1 054 062 049 037
678127628 << 1 054 061 049 037
678127647 << 1 054 061 049 037
678127665 << 1 054 061 049 037
678127684 << 1 054 061 049 037
678127703 << 1 054 061 049 038
678127722 << 1 054 061 048 038
678127741 << 1 054 062 048 039
678127759 << 1 054 061 048 040
678127778 << 1 054 061 048 040
678127797 << 1 054 061 048 041
678127816 << 1 054 062 049 040
678127835 << 1 054 062 049 041
678127853 << 1 054 061 049 041
678127873 << 1 054 062 049 041
678127891 << 1 054 061 049 043
678127910 << 1 054 061 049 042
678127929 << 1 054 061 049 043
678127947 << 1 054 061 049 043
678127966 << 1 054 061 049 043
678127985 << 1 054 062 049 043
678128003 << 1 054 062 049 043
678128022 << 1 054 062 049 043
678128041 << 1 054 062 049 043
678128060 << 1 055 062 049 042
678128079 << 1 057 063 049 043
678128097 << 1 058 063 049 043
678128116 << 1 059 063 049 042
678128135 << 1 060 064 049 042
678128154 << 1 061 064 049 041
678128173 << 1 063 065 049 040
678128192 << 1 065 065 049 039
678128210 << 1 066 065 049 039
678128229 << 1 066 065 049 038
678128248 << 1 067 065 049 039
678128267 << 1 067 065 049 039
678128286 << 1 068 066 049 038
678128304 << 1 068 066 049 038
678128322 << 1 069 066 049 038
678128341 << 1 069 066 049 038
678128360 << 1 069 066 049 038
678128379 << 1 070 067 049 038
678128398 << 1 070 067 049 038
678128417 << 1 070 067 049 038
678128435 << 1 070 067 049 037
678128454 << 1 070 067 049 037
678128473 << 1 070 067 049 037
678128492 << 1 070 067 049 037
678128511 << 1 070 067 049 037
678128529 << 1 070 067 049 037
678128548 << 1 070 067 049 037
678128567 << 1 070 067 049 037
678128586 << 1 070 066 048 037
678128605 << 1 071 066 048 037
678128624 << 1 071 066 048 037
678128642 << 1 072 065 048 037
678128661 << 1 072 065 048 037
678128680 << 1 072 065 048 038
678128698 << 1 074 065 048 038
678128717 << 1 074 064 048 038
678128736 << 1 074 064 048 038
678128755 << 1 075 064 048 038
678128773 << 1 075 064 048 038
678128792 << 1 075 064 048 038
678128811 << 1 075 064 048 038
678128830 << 1 075 063 048 038
678128848 << 1 075 064 048 038
678128867 << 1 075 064 048 038
678128886 << 1 075 064 048 038
678128905 << 1 075 064 048 038
678128924 << 1 075 064 048 038
678128942 << 1 073 064 048 038
678128961 << 1 072 064 048 038
678128980 << 1 069 064 048 038
678128999 << 1 066 064 048 039
678129017 << 1 063 064 048 038
678129036 << 1 060 064 048 038
678129055 << 1 057 064 048 038
678129074 << 1 054 063 048 038
678129092 << 1 051 063 048 038
678129111 << 1 048 063 048 038
678129130 << 1 048 063 048 038
678129149 << 1 048 063 048 038
678129168 << 1 048 063 048 038
678129187 << 1 048 063 048 038
678129205 << 1 048 063 048 038
678129224 << 1 048 063 048 038
678129243 << 1 048 063 048 038
678129262 << 1 048 063 048 038
678129281 << 1 048 063 048 038
678129300 << 1 048 063 048 038
678129319 << 1 048 063 048 038
678129337 << 1 049 063 048 038
678129356 << 1 049 063 047 038
678129375 << 1 049 063 047 038
678129393 << 1 049 063 047 038
678129412 << 1 049 063 047 038
678129430 << 1 049 063 047 038
678129449 << 1 048 063 048 038
678129468 << 1 048 063 048 038
678129487 << 1 048 063 048 038
678129506 << 1 048 063 049 038
678129525 << 1 048 063 049 038
678129543 << 1 048 063 049 038
678129562 << 1 048 063 049 038
678129581 << 1 048 063 049 038
678129600 << 1 048 063 048 038
678129619 << 1 048 063 048 038
678129638 << 1 048 063 048 038
678129656 << 1 048 063 048 038
678129676 << 1 048 063 048 038
678129694 << 1 048 063 048 038
678129713 << 1 048 063 048 038
678129732 << 1 048 063 048 038
678129751 << 1 048 063 048 038
678129769 << 1 048 063 047 038
678129788 << 1 049 063 048 038
678129806 << 1 049 063 048 038
678129825 << 1 049 063 049 039
678129844 << 1 049 063 049 040
678129863 << 1 049 063 049 041
678129881 << 1 049 063 049 042
678129900 << 1 050 063 049 043
678129919 << 1 051 063 049 043
678129938 << 1 052 063 049 042
678129957 << 1 052 063 049 042
678129975 << 1 052 063 049 042
678129994 << 1 053 063 049 042
678130013 << 1 054 063 049 042
678130032 << 1 055 063 049 042
678130051 << 1 057 064 049 042
678130069 << 1 059 064 049 041
678130088 << 1 060 064 049 041
678130107 << 1 060 064 049 041
678130126 << 1 062 064 049 041
678130144 << 1 063 064 049 043
678130163 << 1 064 064 049 043
678130182 << 1 065 064 049 043
678130200 << 1 065 064 049 043
678130219 << 1 066 063 049 041
678130238 << 1 067 063 049 039
678130257 << 1 068 062 049 038
678130275 << 1 068 061 049 038
678130295 << 1 068 061 049 038
678130313 << 1 069 060 049 038
678130332 << 1 069 060 049 038
678130351 << 1 070 059 049 038
678130370 << 1 070 058 049 038
678130389 << 1 070 058 049 038
678130407 << 1 070 057 049 038
678130426 << 1 070 057 049 038
678130445 << 1 070 056 049 038
678130464 << 1 070 055 049 038
678130483 << 1 070 053 049 038
678130502 << 1 070 053 049 039
678130519 << 1 070 051 049 039
678130538 << 1 070 051 049 039
678130557 << 1 070 050 048 039
678130576 << 1 070 049 048 039
678130595 << 1 070 048 048 039
678130613 << 1 070 047 048 039
678130632 << 1 070 047 048 039
678130651 << 1 071 047 048 039
678130670 << 1 071 047 048 039
678130688 << 1 071 047 048 039
678130707 << 1 071 047 048 039
678130726 << 1 071 046 048 039
678130745 << 1 072 046 047 039
678130763 << 1 072 047 047 039
678130782 << 1 072 046 047 039
678130801 << 1 072 046 048 039
678130820 << 1 071 045 048 039
678130838 << 1 070 045 049 039
678130857 << 1 070 045 049 039
678130876 << 1 069 046 049 038
678130894 << 1 068 046 049 038
678130913 << 1 066 047 049 038
678130932 << 1 065 048 049 038
678130950 << 1 064 049 049 038
678130969 << 1 062 049 049 038
678130988 << 1 060 049 049 038
678131007 << 1 059 049 049 038
678131026 << 1 059 049 049 038
678131045 << 1 057 049 049 038
678131063 << 1 057 049 049 038
678131082 << 1 057 049 049 038
678131101 << 1 057 048 048 038
678131120 << 1 056 047 046 039
678131139 << 1 056 046 046 038
678131157 << 1 056 046 046 038
678131176 << 1 056 046 046 038
678131195 << 1 057 046 046 038
678131214 << 1 057 046 046 038
678131233 << 1 057 047 046 038
678131251 << 1 057 048 046 038
678131269 << 1 055 048 046 038
678131288 << 1 055 048 046 038
678131307 << 1 054 049 046 038
678131327 << 1 054 049 046 038
678131345 << 1 053 049 046 038
678131364 << 1 053 049 046 038
678131382 << 1 053 049 046 038
678131401 << 1 053 049 046 038
678131419 << 1 053 049 046 038
678131438 << 1 053 049 046 038
678131457 << 1 053 050 046 038
678131476 << 1 055 050 046 038
678131495 << 1 056 051 046 038
678131513 << 1 057 052 046 038
678131532 << 1 057 053 046 038
678131551 << 1 057 054 046 038
678131570 << 1 057 054 046 038
678131589 << 1 057 055 046 038
678131607 << 1 057 057 046 038
678131626 << 1 057 057 046 038
678131645 << 1 057 058 046 038
678131664 << 1 056 058 046 038
678131683 << 1 057 058 046 038
678131701 << 1 056 058 046 038
678131720 << 1 056 058 046 038
678131738 << 1 056 059 047 038
678131757 << 1 056 058 047 038
678131776 << 1 056 058 047 038
678131795 << 1 056 058 048 038
678131814 << 1 056 058 049 038
678131832 << 1 056 058 049 038
678131851 << 1 056 058 049 038
678131870 << 1 056 058 049 038
678131889 << 1 057 058 049 038
678131907 << 1 056 058 049 038
678131926 << 1 056 058 049 038
678131946 << 1 056 058 049 038
678131963 << 1 056 059 049 038
678131983 << 1 056 058 049 038
678132002 << 1 056 058 049 038
678132020 << 1 056 059 048 038
678132039 << 1 056 058 049 038
678132058 << 1 056 059 048 038
678132076 << 1 056 058 048 038
678132095 << 1 056 059 049 038
678132114 << 1 056 058 048 038
678132132 << 1 056 058 049 038
678132151 << 1 056 058 048 038
678132170 << 1 056 058 049 038
678132189 << 1 056 058 048 038
678132207 << 1 056 058 048 038
678132226 << 1 056 058 048 038
678132245 << 1 056 059 048 038
678132264 << 1 056 058 049 038
678132283 << 1 056 059 049 038
678132301 << 1 056 058 048 038
678132320 << 1 056 058 048 038
678132339 << 1 056 058 048 038
678132358 << 1 056 058 048 039
678132377 << 1 056 058 048 040
678132395 << 1 057 058 048 042
678132414 << 1 057 058 048 043
678132433 << 1 057 058 049 044
678132451 << 1 057 058 049 044
678132470 << 1 057 058 049 044
678132489 << 1 057 058 049 044
678132508 << 1 057 059 049 044
678132527 << 1 057 059 049 044
678132545 << 1 057 059 049 044
678132564 << 1 057 059 049 044
678132583 << 1 057 059 049 044
678132602 << 1 057 059 049 044
678132620 << 1 057 059 049 044
678132639 << 1 058 059 049 043
678132658 << 1 057 059 049 042
678132677 << 1 057 059 049 042
678132696 << 1 058 059 049 042
678132715 << 1 058 059 049 042
678132733 << 1 057 059 049 042
678132751 << 1 058 059 049 042
678132770 << 1 058 059 049 042
678132789 << 1 058 059 049 041
678132807 << 1 058 059 049 042
678132827 << 1 059 059 049 041
678132845 << 1 059 059 049 040
678132864 << 1 059 059 049 039
678132883 << 1 059 059 049 038
678132902 << 1 059 059 049 038
678132920 << 1 059 059 049 038
678132939 << 1 059 059 049 038
678132958 << 1 059 059 049 038
678132977 << 1 059 059 049 038
678132996 << 1 059 059 049 038
678133015 << 1 059 059 049 038
678133033 << 1 059 059 049 038
678133052 << 1 059 059 049 038
678133071 << 1 059 059 049 038
678133090 << 1 059 059 049 038
678133109 << 1 058 059 049 037
678133127 << 1 058 059 049 037
678133145 << 1 059 059 049 037
678133164 << 1 058 059 049 036
678133183 << 1 058 059 049 035
678133202 << 1 058 059 049 035
678133221 << 1 058 059 049 035
678133239 << 1 058 059 049 035
678133258 << 1 058 059 049 035
678133277 << 1 058 059 049 036
678133296 << 1 059 059 049 036
678133315 << 1 058 059 049 036
678133334 << 1 058 059 049 036
678133352 << 1 058 059 049 036
678133371 << 1 059 059 049 036
678133390 << 1 059 059 049 036
678133409 << 1 059 059 049 035
678133427 << 1 060 059 049 036
678133446 << 1 061 059 049 036
678133465 << 1 062 059 049 036
678133483 << 1 063 059 049 036
678133502 << 1 065 059 049 036
678133521 << 1 066 059 048 036
678133540 << 1 069 059 048 037
678133558 << 1 070 059 048 037
678133578 << 1 071 059 048 037
678133596 << 1 072 058 048 037
678133615 << 1 073 058 048 037
678133634 << 1 074 058 048 037
678133653 << 1 075 058 048 037
678133671 << 1 075 058 048 037
678133690 << 1 074 058 048 037
678133709 << 1 074 059 048 037
678133728 << 1 074 059 048 037
678133747 << 1 074 059 048 037
678133765 << 1 074 060 048 037
678133783 << 1 073 060 049 037
678133802 << 1 073 061 049 038
678133821 << 1 073 061 049 038
678133840 << 1 072 061 049 038
678133858 << 1 072 061 049 038
678133877 << 1 071 061 049 039
678133896 << 1 071 061 049 038
678133915 << 1 070 061 049 038
678133934 << 1 070 061 049 038
678133953 << 1 069 061 049 038
678133971 << 1 069 061 049 038
678133990 << 1 068 061 049 038
678134009 << 1 066 061 049 038
678134028 << 1 065 061 049 038
678134047 << 1 064 061 049 038
678134066 << 1 062 061 049 039
678134084 << 1 060 061 049 039
678134103 << 1 058 061 049 039
678134122 << 1 055 061 049 039
678134141 << 1 053 061 049 039
678134158 << 1 052 061 049 039
678134178 << 1 051 061 049 039
678134196 << 1 050 061 049 039
678134215 << 1 050 061 049 039
678134234 << 1 050 061 049 040
678134253 << 1 050 061 049 039
678134271 << 1 049 061 049 040
678134290 << 1 048 062 049 040
678134309 << 1 048 062 049 040
678134328 << 1 048 062 049 040
678134346 << 1 048 062 049 040
678134366 << 1 048 061 049 040
678134384 << 1 048 062 049 040
678134403 << 1 048 062 049 040
678134422 << 1 048 062 049 040
678134441 << 1 051 062 049 040
678134459 << 1 052 062 049 040
678134478 << 1 053 062 049 040
678134497 << 1 053 062 049 041
678134515 << 1 053 062 049 040
678134534 << 1 053 062 049 040
678134553 << 1 054 062 049 040
678134571 << 1 055 062 049 040
678134590 << 1 056 062 049 040
678134609 << 1 056 062 049 040
678134628 << 1 058 062 049 040
678134646 << 1 060 062 049 040
678134665 << 1 061 062 049 040
678134684 << 1 060 062 049 040
678134703 << 1 060 062 049 040
678134722 << 1 060 062 049 040
678134741 << 1 060 062 049 040
678134759 << 1 060 062 049 040
678134778 << 1 060 062 049 040
678134797 << 1 060 062 049 040
678134816 << 1 060 062 049 040
678134835 << 1 060 062 049 040
678134853 << 1 060 062 049 039
678134872 << 1 059 062 049 039
678134890 << 1 059 063 049 039
678134909 << 1 059 063 049 039
678134928 << 1 059 063 049 039
678134946 << 1 059 063 049 039
678134965 << 1 059 063 049 039
678134984 << 1 059 063 049 039
678135003 << 1 059 063 049 039
678135021 << 1 059 063 049 039
678135040 << 1 059 062 049 039
678135059 << 1 061 061 049 039
678135078 << 1 062 060 049 039
678135096 << 1 063 060 049 039
678135115 << 1 065 060 049 039
678135134 << 1 066 060 049 039
678135153 << 1 066 059 049 039
678135172 << 1 066 059 049 039
678135191 << 1 066 059 049 038
678135209 << 1 068 058 049 038
678135228 << 1 069 059 049 039
678135247 << 1 069 058 049 039
678135265 << 1 069 058 049 038
678135284 << 1 069 058 049 038
678135303 << 1 069 058 049 038
678135321 << 1 069 058 049 038
678135340 << 1 069 058 049 038
678135359 << 1 069 059 049 038
678135378 << 1 068 059 049 038
678135397 << 1 068 059 049 038
678135416 << 1 068 059 049 038
678135434 << 1 068 060 049 038
678135453 << 1 068 060 049 038
678135472 << 1 068 060 049 038
678135491 << 1 068 060 049 038
678135510 << 1 068 060 049 038
678135528 << 1 068 060 049 038
678135547 << 1 068 060 049 038
678135566 << 1 068 060 049 038
678135585 << 1 066 059 049 038
678135604 << 1 065 059 049 039
678135623 << 1 063 058 049 038
678135640 << 1 061 058 049 038
678135659 << 1 038 044 049 039
678135678 << 1 046 051 049 038
678135697 << 1 050 048 049 038
678135716 << 1 048 048 049 038
678135735 << 1 048 048 049 038
678135753 << 1 048 048 049 038
678135772 << 1 048 048 049 038
678135791 << 1 048 048 049 038
678135810 << 1 048 048 049 038
678135829 << 1 048 048 049 038
678135848 << 1 048 048 049 038
678135866 << 1 048 048 049 037
678135885 << 1 048 048 049 038
678135904 << 1 048 048 049 037
678135923 << 1 048 048 049 037
678135942 << 1 048 048 049 037
678135960 << 1 048 048 049 037
678135979 << 1 048 048 049 037
678135998 << 1 048 048 049 037
678136016 << 1 048 048 049 037
678136035 << 1 048 048 049 037
678136054 << 1 048 048 049 037
678136072 << 1 048 048 049 037
678136091 << 1 048 048 049 037
678136110 << 1 048 048 049 037
678136129 << 1 048 048 049 037
678136148 << 1 048 048 049 037
678136166 << 1 048 048 049 037
678136185 << 1 048 048 049 037
678136204 << 1 048 048 049 037
678136223 << 1 048 048 049 037
678136242 << 1 048 048 049 037
678136261 << 1 048 048 049 037
678136279 << 1 048 048 049 037
678136298 << 1 048 048 049 037
678136317 << 1 048 048 049 037
678136336 << 1 048 048 049 037
678136355 << 1 048 048 049 037
678136373 << 1 048 048 049 037
678136391 << 1 048 048 049 037
678136410 << 1 048 048 049 037
678136429 << 1 048 048 049 037
678136448 << 1 048 048 049 037
678136466 << 1 048 048 049 037
678136486 << 1 048 048 049 037
678136505 << 1 048 048 049 037
678136523 << 1 048 048 049 037
678136541 << 1 048 048 049 037
678136560 << 1 048 048 049 037
678136579 << 1 048 048 049 037
678136598 << 1 048 048 049 038
678136616 << 1 048 048 048 039
678136635 << 1 048 048 048 040
678136654 << 1 048 048 048 042
678136673 << 1 048 048 048 042
678136692 << 1 048 048 048 041
678136710 << 1 048 048 048 041
678136729 << 1 048 048 048 041
678136748 << 1 048 048 048 041
678136767 << 1 048 048 048 041
678136786 << 1 048 048 048 041
678136804 << 1 048 048 048 041
678136823 << 1 048 048 048 041
678136842 << 1 048 048 048 041
678136861 << 1 048 048 048 041
678136880 << 1 048 048 049 041
678136899 << 1 048 048 049 041
678136916 << 1 048 048 049 040
678136935 << 1 048 048 049 040
678136954 << 1 048 048 049 040
678136973 << 1 048 048 049 041
678136992 << 1 048 048 049 040
678137010 << 1 048 048 049 039
678137029 << 1 048 048 049 039
678137048 << 1 048 048 049 039
678137067 << 1 048 048 049 039
678137085 << 1 048 048 049 038
678137104 << 1 048 048 049 039
678137124 << 1 048 048 049 039
678137142 << 1 048 048 049 038
678137161 << 1 048 048 049 038
678137180 << 1 048 048 049 038
678137198 << 1 048 048 049 038
678137217 << 1 048 048 049 038
678137236 << 1 048 048 049 038
678137255 << 1 048 048 049 038
678137274 << 1 048 048 049 038
678137292 << 1 048 048 049 038
678137310 << 1 048 048 049 038
678137329 << 1 048 048 049 037
678137348 << 1 048 048 049 037
678137367 << 1 048 048 049 037
678137386 << 1 048 048 049 036
678137405 << 1 048 048 049 035
678137423 << 1 048 048 049 032
678137442 << 1 048 048 049 030
678137461 << 1 048 048 049 029
678137480 << 1 048 048 049 026
678137499 << 1 048 048 049 023
678137517 << 1 048 048 049 019
678137536 << 1 048 048 049 015
678137555 << 1 048 048 049 011
678137574 << 1 048 048 049 005
678137592 << 1 048 048 049 000
678137608 << 1 048 048 048 000
678137624 << 1 048 048 048 000
678137640 << 1 048 048 048 000
678137656 << 1 048 048 048 000
678137672 << 1 048 048 048 000
678137688 << 1 048 048 048 000
678137704 << 1 048 048 048 000
678137722 << 1 048 048 049 000
678137741 << 1 048 048 049 000
678137759 << 1 048 048 049 000
678137777 << 1 048 048 049 000
678137796 << 1 048 048 049 000
678137814 << 1 048 048 049 000
678137832 << 1 048 048 049 000
678137850 << 1 048 048 049 000
678137869 << 1 048 048 049 000
678137887 << 1 048 048 049 000
678137905 << 1 048 048 049 000
678137923 << 1 048 048 049 000
678137942 << 1 048 048 049 000
678137960 << 1 048 048 049 000
678137978 << 1 048 048 049 000
678137996 << 1 048 048 049 000
678138015 << 1 048